  main.cpp
C:\Users\0001\source\repos\RPG\RPG\main.cpp(19,12): warning C4244: аргумент: преобразование "time_t" в "unsigned int", возможна потеря данных
C:\Users\0001\source\repos\RPG\RPG\main.cpp(30,15): warning C4244: инициализация: преобразование "float" в "int", возможна потеря данных
C:\Users\0001\source\repos\RPG\RPG\main.cpp(88,42): warning C4244: аргумент: преобразование "float" в "int", возможна потеря данных
C:\Users\0001\source\repos\RPG\RPG\main.cpp(88,31): warning C4244: аргумент: преобразование "float" в "const int", возможна потеря данных
C:\Users\0001\source\repos\RPG\RPG\main.cpp(88,20): warning C4244: =: преобразование "int" в "float", возможна потеря данных
C:\Users\0001\source\repos\RPG\RPG\main.cpp(89,28): warning C4244: аргумент: преобразование "float" в "int", возможна потеря данных
C:\Users\0001\source\repos\RPG\RPG\main.cpp(126,32): warning C4244: =: преобразование "float" в "int", возможна потеря данных
C:\Users\0001\source\repos\RPG\RPG\main.cpp(131,32): warning C4244: аргумент: преобразование "float" в "int", возможна потеря данных
C:\Users\0001\source\repos\RPG\RPG\main.cpp(132,17): warning C4018: >: несоответствие типов со знаком и без знака
C:\Users\0001\source\repos\RPG\RPG\main.cpp(135,45): warning C4244: аргумент: преобразование "float" в "const int", возможна потеря данных
C:\Users\0001\source\repos\RPG\RPG\main.cpp(205,27): warning C4244: -=: преобразование "float" в "int", возможна потеря данных
C:\Users\0001\source\repos\RPG\RPG\main.cpp(215,24): warning C4244: =: преобразование "float" в "int", возможна потеря данных
C:\Users\0001\source\repos\RPG\RPG\main.cpp(232,43): warning C4244: аргумент: преобразование "float" в "int", возможна потеря данных
C:\Users\0001\source\repos\RPG\RPG\main.cpp(232,32): warning C4244: аргумент: преобразование "float" в "const int", возможна потеря данных
C:\Users\0001\source\repos\RPG\RPG\main.cpp(232,21): warning C4244: =: преобразование "int" в "float", возможна потеря данных
C:\Users\0001\source\repos\RPG\RPG\main.cpp(233,29): warning C4244: аргумент: преобразование "float" в "int", возможна потеря данных
C:\Users\0001\source\repos\RPG\RPG\main.cpp(234,33): warning C4244: =: преобразование "float" в "int", возможна потеря данных
C:\Users\0001\source\repos\RPG\RPG\main.cpp(258,31): warning C4244: аргумент: преобразование "float" в "int", возможна потеря данных
  RPG.vcxproj -> C:\Users\0001\source\repos\RPG\x64\Debug\RPG.exe
